<?xml version="1.0" encoding="UTF-8"?>
<testsuite xmlns:xsi="http://www.w3.org/2001/XMLSchema-instance" xsi:noNamespaceSchemaLocation="https://maven.apache.org/surefire/maven-surefire-plugin/xsd/surefire-test-report.xsd" name="runners.SmokeRunner" time="4.613" tests="6" errors="0" skipped="0" failures="0">
  <properties>
[...]
</properties>
  <testcase name="Order Kimchi from Arigato" classname="Data Table practice" time="0.707"/>
  <testcase name="Verify following tabs are displayed in Amazon" classname="Data Table practice" time="0.049"/>
  <testcase name="Cars model" classname="Data Table practice" time="0.063"/>
  <testcase name="Multiple tests #1" classname="Scenario: outline demo" time="0.037"/>
  <testcase name="Multiple tests #2" classname="Scenario: outline demo" time="0.084"/>
  <testcase name="Multiple tests #3" classname="Scenario: outline demo" time="0.06"/>
</testsuite>